- - - [08/Dec/2025:14:07:59 +0000] "GET / HTTP/1.1" 502 157 "Mozilla/5.0 (Macintosh; Intel Mac OS X 10_15_7) AppleWebKit/605.1.15 (KHTML, like Gecko) Version/17.3 Safari/605.1.15"
- - - [08/Dec/2025:14:07:59 +0000] "GET /MaterialIcons-Regular.woff2 HTTP/1.1" 502 157 "Mozilla/5.0 (Macintosh; Intel Mac OS X 10_15_7) AppleWebKit/605.1.15 (KHTML, like Gecko) Version/17.3 Safari/605.1.15"
- - - [08/Dec/2025:14:07:59 +0000] "GET /polyfills.js HTTP/1.1" 502 157 "Mozilla/5.0 (Macintosh; Intel Mac OS X 10_15_7) AppleWebKit/605.1.15 (KHTML, like Gecko) Version/17.3 Safari/605.1.15"
- - - [08/Dec/2025:14:07:59 +0000] "GET /runtime.js HTTP/1.1" 502 157 "Mozilla/5.0 (Macintosh; Intel Mac OS X 10_15_7) AppleWebKit/605.1.15 (KHTML, like Gecko) Version/17.3 Safari/605.1.15"
- - - [08/Dec/2025:14:07:59 +0000] "GET /assets/public/favicon_js.ico HTTP/1.1" 502 157 "Mozilla/5.0 (Macintosh; Intel Mac OS X 10_15_7) AppleWebKit/605.1.15 (KHTML, like Gecko) Version/17.3 Safari/605.1.15"
- - - [08/Dec/2025:14:07:59 +0000] "GET /assets/public/images/JuiceShop_Logo.png HTTP/1.1" 502 157 "Mozilla/5.0 (Macintosh; Intel Mac OS X 10_15_7) AppleWebKit/605.1.15 (KHTML, like Gecko) Version/17.3 Safari/605.1.15"
- - - [08/Dec/2025:14:08:00 +0000] "GET /assets/public/images/products/apple_juice.jpg HTTP/1.1" 502 157 "Mozilla/5.0 (Macintosh; Intel Mac OS X 10_15_7) AppleWebKit/605.1.15 (KHTML, like Gecko) Version/17.3 Safari/605.1.15"
- - - [08/Dec/2025:14:08:01 +0000] "GET /assets/public/images/products/artwork2.jpg HTTP/1.1" 502 157 "Mozilla/5.0 (Macintosh; Intel Mac OS X 10_15_7) AppleWebKit/605.1.15 (KHTML, like Gecko) Version/17.3 Safari/605.1.15"
- - - [08/Dec/2025:14:08:02 +0000] "GET /assets/public/images/products/apple_pressings.jpg HTTP/1.1" 502 157 "Mozilla/5.0 (Macintosh; Intel Mac OS X 10_15_7) AppleWebKit/605.1.15 (KHTML, like Gecko) Version/17.3 Safari/605.1.15"
- - - [08/Dec/2025:14:08:03 +0000] "GET /assets/public/images/products/carrot_juice.jpeg HTTP/1.1" 502 157 "Mozilla/5.0 (Macintosh; Intel Mac OS X 10_15_7) AppleWebKit/605.1.15 (KHTML, like Gecko) Version/17.3 Safari/605.1.15"
- - - [08/Dec/2025:14:08:04 +0000] "GET /assets/public/images/products/eggfruit_juice.jpg HTTP/1.1" 502 157 "Mozilla/5.0 (Macintosh; Intel Mac OS X 10_15_7) AppleWebKit/605.1.15 (KHTML, like Gecko) Version/17.3 Safari/605.1.15"
- - - [08/Dec/2025:14:08:05 +0000] "GET /assets/public/images/products/green_smoothie.jpg HTTP/1.1" 502 157 "Mozilla/5.0 (Macintosh; Intel Mac OS X 10_15_7) AppleWebKit/605.1.15 (KHTML, like Gecko) Version/17.3 Safari/605.1.15"
- - - [08/Dec/2025:14:08:06 +0000] "GET /assets/public/images/products/melon_bike.jpeg HTTP/1.1" 502 157 "Mozilla/5.0 (Macintosh; Intel Mac OS X 10_15_7) AppleWebKit/605.1.15 (KHTML, like Gecko) Version/17.3 Safari/605.1.15"
- - - [08/Dec/2025:14:08:07 +0000] "GET /assets/public/images/products/lemon_juice.jpg HTTP/1.1" 502 157 "Mozilla/5.0 (Macintosh; Intel Mac OS X 10_15_7) AppleWebKit/605.1.15 (KHTML, like Gecko) Version/17.3 Safari/605.1.15"
- - - [08/Dec/2025:14:08:08 +0000] "GET /assets/public/images/products/permafrost.jpg HTTP/1.1" 502 157 "Mozilla/5.0 (Macintosh; Intel Mac OS X 10_15_7) AppleWebKit/605.1.15 (KHTML, like Gecko) Version/17.3 Safari/605.1.15"
- - - [08/Dec/2025:14:08:09 +0000] "GET /assets/public/images/products/fan_facemask.jpg HTTP/1.1" 502 157 "Mozilla/5.0 (Macintosh; Intel Mac OS X 10_15_7) AppleWebKit/605.1.15 (KHTML, like Gecko) Version/17.3 Safari/605.1.15"
- - - [08/Dec/2025:14:08:10 +0000] "GET /assets/public/images/products/banana_juice.jpg HTTP/1.1" 502 157 "Mozilla/5.0 (Macintosh; Intel Mac OS X 10_15_7) AppleWebKit/605.1.15 (KHTML, like Gecko) Version/17.3 Safari/605.1.15"
- - - [08/Dec/2025:14:08:11 +0000] "GET /styles.css HTTP/1.1" 502 157 "Mozilla/5.0 (Macintosh; Intel Mac OS X 10_15_7) AppleWebKit/605.1.15 (KHTML, like Gecko) Version/17.3 Safari/605.1.15"
- - - [08/Dec/2025:14:08:13 +0000] "GET /assets/public/images/products/fruit_press.jpg HTTP/1.1" 502 157 "Mozilla/5.0 (Macintosh; Intel Mac OS X 10_15_7) AppleWebKit/605.1.15 (KHTML, like Gecko) Version/17.3 Safari/605.1.15"
- - - [08/Dec/2025:14:08:18 +0000] "GET /main.js HTTP/1.1" 502 157 "Mozilla/5.0 (Macintosh; Intel Mac OS X 10_15_7) AppleWebKit/605.1.15 (KHTML, like Gecko) Version/17.3 Safari/605.1.15"
- - - [08/Dec/2025:14:08:18 +0000] "GET /font-mfizz.svg HTTP/1.1" 502 157 "Mozilla/5.0 (Macintosh; Intel Mac OS X 10_15_7) AppleWebKit/605.1.15 (KHTML, like Gecko) Version/17.3 Safari/605.1.15"
- - - [08/Dec/2025:14:08:18 +0000] "GET /vendor.js HTTP/1.1" 502 157 "Mozilla/5.0 (Macintosh; Intel Mac OS X 10_15_7) AppleWebKit/605.1.15 (KHTML, like Gecko) Version/17.3 Safari/605.1.15"
